<?xml version="1.0" encoding="UTF-8"?>
<robot generator="Robot 6.0.2 (Python 3.11.2 on win32)" generated="20230225 21:28:23.196" rpa="false" schemaversion="3">
<suite id="s1" name="Test Story 2w" source="C:\GIT\robot-challenge\testes\CadastroAgroespecialista.robot">
<test id="s1-t1" name="Caso de Teste 01: Cadastro Agropecuarista" line="6">
<kw name="Cadastrar Pessoa" library="resource-agro">
<kw name="Open Browser" library="SeleniumLibrary">
<arg>url=${URL}</arg>
<arg>browser=${Browser}</arg>
<doc>Opens a new browser instance to the optional ``url``.</doc>
<msg timestamp="20230225 21:28:23.574" level="INFO">Opening browser 'chrome' to base url 'https://www.orbia.ag/'.</msg>
<status status="PASS" starttime="20230225 21:28:23.573" endtime="20230225 21:28:28.404"/>
</kw>
<kw name="Maximize Browser Window" library="SeleniumLibrary">
<doc>Maximizes current browser window.</doc>
<status status="PASS" starttime="20230225 21:28:28.404" endtime="20230225 21:28:28.547"/>
</kw>
<kw name="Wait Until Element Is Visible" library="SeleniumLibrary">
<arg>xpath=/html/body/div[1]/div[1]/div[1]/div[2]/div/div[1]/div[1]/a/img</arg>
<doc>Waits until the element ``locator`` is visible.</doc>
<status status="PASS" starttime="20230225 21:28:28.547" endtime="20230225 21:28:28.581"/>
</kw>
<kw name="Name" library="FakerLibrary">
<var>${NOMEFAKE}</var>
<doc>:example 'John Doe'</doc>
<msg timestamp="20230225 21:28:28.581" level="INFO">${NOMEFAKE} = Karina Terry</msg>
<status status="PASS" starttime="20230225 21:28:28.581" endtime="20230225 21:28:28.581"/>
</kw>
<kw name="Address" library="FakerLibrary">
<var>${ENDERECOFAKE}</var>
<doc>:example: '791 Crist Parks, Sashabury, IL 86039-9874'</doc>
<msg timestamp="20230225 21:28:28.583" level="INFO">${ENDERECOFAKE} = 516 Paige Ports Apt. 758
Elizabethborough, WA 68441</msg>
<status status="PASS" starttime="20230225 21:28:28.582" endtime="20230225 21:28:28.583"/>
</kw>
<kw name="Phone Number" library="FakerLibrary">
<var>${TELEFONEFAKE}</var>
<msg timestamp="20230225 21:28:28.583" level="INFO">${TELEFONEFAKE} = 001-054-155-6981x7642</msg>
<status status="PASS" starttime="20230225 21:28:28.583" endtime="20230225 21:28:28.583"/>
</kw>
<kw name="City" library="FakerLibrary">
<var>${CIDADEFAKE}</var>
<doc>:example: 'Sashabury'</doc>
<msg timestamp="20230225 21:28:28.584" level="INFO">${CIDADEFAKE} = Michaelmouth</msg>
<status status="PASS" starttime="20230225 21:28:28.583" endtime="20230225 21:28:28.584"/>
</kw>
<kw name="Postalcode" library="FakerLibrary">
<var>${CODIGOPOSTALFAKE}</var>
<msg timestamp="20230225 21:28:28.584" level="INFO">${CODIGOPOSTALFAKE} = 03398</msg>
<status status="PASS" starttime="20230225 21:28:28.584" endtime="20230225 21:28:28.584"/>
</kw>
<kw name="Job" library="FakerLibrary">
<var>${TRABALHOFAKE}</var>
<msg timestamp="20230225 21:28:28.585" level="INFO">${TRABALHOFAKE} = Engineer, maintenance</msg>
<status status="PASS" starttime="20230225 21:28:28.584" endtime="20230225 21:28:28.585"/>
</kw>
<kw name="Create List" library="BuiltIn">
<var>@{PESSOA}</var>
<arg>Nome Aleatório: ${NOMEFAKE}</arg>
<arg>Endereço Aleatório: ${ENDERECOFAKE}</arg>
<arg>Telefone Aleatório: ${TELEFONEFAKE}</arg>
<arg>Cidade Aleatória: ${CIDADEFAKE}</arg>
<arg>CódigoPostal Aleatório: ${CODIGOPOSTALFAKE}</arg>
<arg>Trabalho: ${TRABALHOFAKE}</arg>
<doc>Returns a list containing given items.</doc>
<msg timestamp="20230225 21:28:28.585" level="INFO">@{PESSOA} = [ Nome Aleatório: Karina Terry | Endereço Aleatório: 516 Paige Ports Apt. 758
Elizabethborough, WA 68441 | Telefone Aleatório: 001-054-155-6981x7642 | Cidade Aleatória: Michaelmouth | CódigoPostal Ale...</msg>
<status status="PASS" starttime="20230225 21:28:28.585" endtime="20230225 21:28:28.585"/>
</kw>
<kw name="Log Many" library="BuiltIn">
<arg>@{PESSOA}</arg>
<doc>Logs the given messages as separate entries using the INFO level.</doc>
<msg timestamp="20230225 21:28:28.586" level="INFO">Nome Aleatório: Karina Terry</msg>
<msg timestamp="20230225 21:28:28.586" level="INFO">Endereço Aleatório: 516 Paige Ports Apt. 758
Elizabethborough, WA 68441</msg>
<msg timestamp="20230225 21:28:28.586" level="INFO">Telefone Aleatório: 001-054-155-6981x7642</msg>
<msg timestamp="20230225 21:28:28.586" level="INFO">Cidade Aleatória: Michaelmouth</msg>
<msg timestamp="20230225 21:28:28.586" level="INFO">CódigoPostal Aleatório: 03398</msg>
<msg timestamp="20230225 21:28:28.586" level="INFO">Trabalho: Engineer, maintenance</msg>
<status status="PASS" starttime="20230225 21:28:28.585" endtime="20230225 21:28:28.586"/>
</kw>
<kw name="Click Element" library="SeleniumLibrary">
<arg>xpath=//*[@id="userMenuItem"]/a/span/small</arg>
<doc>Click the element identified by ``locator``.</doc>
<msg timestamp="20230225 21:28:28.586" level="INFO">Clicking element 'xpath=//*[@id="userMenuItem"]/a/span/small'.</msg>
<status status="PASS" starttime="20230225 21:28:28.586" endtime="20230225 21:28:30.233"/>
</kw>
<kw name="Element Should Be Visible" library="SeleniumLibrary">
<arg>xpath= //*[@id="cell"]</arg>
<doc>Verifies that the element identified by ``locator`` is visible.</doc>
<msg timestamp="20230225 21:28:30.263" level="INFO">Element 'xpath= //*[@id="cell"]' is displayed.</msg>
<status status="PASS" starttime="20230225 21:28:30.233" endtime="20230225 21:28:30.263"/>
</kw>
<kw name="Input Text" library="SeleniumLibrary">
<arg>xpath=//*[@id="cell"]</arg>
<arg>${CellPhone}</arg>
<doc>Types the given ``text`` into the text field identified by ``locator``.</doc>
<msg timestamp="20230225 21:28:30.264" level="INFO">Typing text '16991565721' into text field 'xpath=//*[@id="cell"]'.</msg>
<status status="PASS" starttime="20230225 21:28:30.264" endtime="20230225 21:28:30.339"/>
</kw>
<kw name="Click Element" library="SeleniumLibrary">
<arg>id=continueRegisterCell</arg>
<doc>Click the element identified by ``locator``.</doc>
<msg timestamp="20230225 21:28:30.339" level="INFO">Clicking element 'id=continueRegisterCell'.</msg>
<status status="PASS" starttime="20230225 21:28:30.339" endtime="20230225 21:28:30.392"/>
</kw>
<kw name="Wait Until Element Is Visible" library="SeleniumLibrary">
<arg>xpath=//*[@id="btnModalMFAExplicaFechar"]</arg>
<doc>Waits until the element ``locator`` is visible.</doc>
<status status="PASS" starttime="20230225 21:28:30.392" endtime="20230225 21:28:30.903"/>
</kw>
<kw name="Click Element" library="SeleniumLibrary">
<arg>xpath=//*[@id="btnModalMFAExplicaFechar"]</arg>
<doc>Click the element identified by ``locator``.</doc>
<msg timestamp="20230225 21:28:30.904" level="INFO">Clicking element 'xpath=//*[@id="btnModalMFAExplicaFechar"]'.</msg>
<status status="PASS" starttime="20230225 21:28:30.903" endtime="20230225 21:28:30.977"/>
</kw>
<kw name="Wait Until Element Is Visible" library="SeleniumLibrary">
<arg>//*[@id="token1"]</arg>
<doc>Waits until the element ``locator`` is visible.</doc>
<status status="PASS" starttime="20230225 21:28:30.977" endtime="20230225 21:28:32.332"/>
</kw>
<kw name="Wait Until Element Is Visible" library="SeleniumLibrary">
<arg>//*[@id="token2"]</arg>
<doc>Waits until the element ``locator`` is visible.</doc>
<status status="PASS" starttime="20230225 21:28:32.332" endtime="20230225 21:28:32.357"/>
</kw>
<kw name="Wait Until Element Is Visible" library="SeleniumLibrary">
<arg>//*[@id="token3"]</arg>
<doc>Waits until the element ``locator`` is visible.</doc>
<status status="PASS" starttime="20230225 21:28:32.357" endtime="20230225 21:28:32.384"/>
</kw>
<kw name="Wait Until Element Is Visible" library="SeleniumLibrary">
<arg>//*[@id="token4"]</arg>
<doc>Waits until the element ``locator`` is visible.</doc>
<status status="PASS" starttime="20230225 21:28:32.384" endtime="20230225 21:28:32.405"/>
</kw>
<kw name="Wait Until Element Is Visible" library="SeleniumLibrary">
<arg>//*[@id="token5"]</arg>
<doc>Waits until the element ``locator`` is visible.</doc>
<status status="PASS" starttime="20230225 21:28:32.405" endtime="20230225 21:28:32.432"/>
</kw>
<kw name="Input Text" library="SeleniumLibrary">
<arg>//*[@id="token1"]</arg>
<arg>${token1}</arg>
<doc>Types the given ``text`` into the text field identified by ``locator``.</doc>
<msg timestamp="20230225 21:28:32.437" level="INFO">Typing text '1' into text field '//*[@id="token1"]'.</msg>
<status status="PASS" starttime="20230225 21:28:32.437" endtime="20230225 21:28:32.535"/>
</kw>
<kw name="Input Text" library="SeleniumLibrary">
<arg>//*[@id="token2"]</arg>
<arg>${token2}</arg>
<doc>Types the given ``text`` into the text field identified by ``locator``.</doc>
<msg timestamp="20230225 21:28:32.535" level="INFO">Typing text '2' into text field '//*[@id="token2"]'.</msg>
<status status="PASS" starttime="20230225 21:28:32.535" endtime="20230225 21:28:32.640"/>
</kw>
<kw name="Input Text" library="SeleniumLibrary">
<arg>//*[@id="token3"]</arg>
<arg>${token3}</arg>
<doc>Types the given ``text`` into the text field identified by ``locator``.</doc>
<msg timestamp="20230225 21:28:32.641" level="INFO">Typing text '3' into text field '//*[@id="token3"]'.</msg>
<status status="PASS" starttime="20230225 21:28:32.640" endtime="20230225 21:28:32.747"/>
</kw>
<kw name="Input Text" library="SeleniumLibrary">
<arg>//*[@id="token4"]</arg>
<arg>${token4}</arg>
<doc>Types the given ``text`` into the text field identified by ``locator``.</doc>
<msg timestamp="20230225 21:28:32.747" level="INFO">Typing text '4' into text field '//*[@id="token4"]'.</msg>
<status status="PASS" starttime="20230225 21:28:32.747" endtime="20230225 21:28:32.853"/>
</kw>
<kw name="Input Text" library="SeleniumLibrary">
<arg>//*[@id="token5"]</arg>
<arg>${token5}</arg>
<doc>Types the given ``text`` into the text field identified by ``locator``.</doc>
<msg timestamp="20230225 21:28:32.853" level="INFO">Typing text '5' into text field '//*[@id="token5"]'.</msg>
<status status="PASS" starttime="20230225 21:28:32.853" endtime="20230225 21:28:33.073"/>
</kw>
<kw name="Sleep" library="BuiltIn">
<arg>20s</arg>
<doc>Pauses the test executed for the given time.</doc>
<msg timestamp="20230225 21:28:53.074" level="INFO">Slept 20 seconds</msg>
<status status="PASS" starttime="20230225 21:28:33.073" endtime="20230225 21:28:53.074"/>
</kw>
<status status="PASS" starttime="20230225 21:28:23.573" endtime="20230225 21:28:53.074"/>
</kw>
<status status="PASS" starttime="20230225 21:28:23.572" endtime="20230225 21:28:53.074"/>
</test>
<doc>Test Compras Web Sauce Demo</doc>
<status status="PASS" starttime="20230225 21:28:23.212" endtime="20230225 21:28:53.079"/>
</suite>
<statistics>
<total>
<stat pass="1" fail="0" skip="0">All Tests</stat>
</total>
<tag>
</tag>
<suite>
<stat pass="1" fail="0" skip="0" id="s1" name="Test Story 2w">Test Story 2w</stat>
</suite>
</statistics>
<errors>
</errors>
</robot>
